0 info it worked if it ends with ok
1 verbose cli [ '/private/var/folders/h8/h7sypfsn1xg6c57pm6dvkbv40000gp/T/AppTranslocation/A324A375-A9D1-4369-9CBB-3D56AE90A41C/d/Atom.app/Contents/Resources/app/apm/bin/node',
1 verbose cli   '/private/var/folders/h8/h7sypfsn1xg6c57pm6dvkbv40000gp/T/AppTranslocation/A324A375-A9D1-4369-9CBB-3D56AE90A41C/d/Atom.app/Contents/Resources/app/apm/node_modules/npm/bin/npm-cli.js',
1 verbose cli   '--globalconfig',
1 verbose cli   '/Users/digitalteam/.atom/.apm/.apmrc',
1 verbose cli   '--userconfig',
1 verbose cli   '/Users/digitalteam/.atom/.apmrc',
1 verbose cli   'install',
1 verbose cli   '--runtime=electron',
1 verbose cli   '--target=1.7.15',
1 verbose cli   '--arch=x64' ]
2 info using npm@3.10.10
3 info using node@v6.9.5
4 silly loadCurrentTree Starting
5 silly install loadCurrentTree
6 silly install readLocalPackageData
7 silly rollbackFailedOptional Starting
8 silly rollbackFailedOptional Finishing
9 silly runTopLevelLifecycles Finishing
10 silly install printInstalled
11 verbose stack Error: Failed to parse json
11 verbose stack Trailing comma in object at 15:3
11 verbose stack   },
11 verbose stack   ^
11 verbose stack     at parseError (/private/var/folders/h8/h7sypfsn1xg6c57pm6dvkbv40000gp/T/AppTranslocation/A324A375-A9D1-4369-9CBB-3D56AE90A41C/d/Atom.app/Contents/Resources/app/apm/node_modules/read-package-json/read-json.js:390:11)
11 verbose stack     at parseJson (/private/var/folders/h8/h7sypfsn1xg6c57pm6dvkbv40000gp/T/AppTranslocation/A324A375-A9D1-4369-9CBB-3D56AE90A41C/d/Atom.app/Contents/Resources/app/apm/node_modules/read-package-json/read-json.js:79:23)
11 verbose stack     at /private/var/folders/h8/h7sypfsn1xg6c57pm6dvkbv40000gp/T/AppTranslocation/A324A375-A9D1-4369-9CBB-3D56AE90A41C/d/Atom.app/Contents/Resources/app/apm/node_modules/read-package-json/read-json.js:48:5
11 verbose stack     at /private/var/folders/h8/h7sypfsn1xg6c57pm6dvkbv40000gp/T/AppTranslocation/A324A375-A9D1-4369-9CBB-3D56AE90A41C/d/Atom.app/Contents/Resources/app/apm/node_modules/graceful-fs/graceful-fs.js:78:16
11 verbose stack     at /private/var/folders/h8/h7sypfsn1xg6c57pm6dvkbv40000gp/T/AppTranslocation/A324A375-A9D1-4369-9CBB-3D56AE90A41C/d/Atom.app/Contents/Resources/app/apm/node_modules/npm/node_modules/graceful-fs/graceful-fs.js:78:16
11 verbose stack     at tryToString (fs.js:455:3)
11 verbose stack     at FSReqWrap.readFileAfterClose [as oncomplete] (fs.js:442:12)
12 verbose cwd /Users/digitalteam/Documents/React-For-Beginners-Starter-Files-master/catch-of-the-day
13 error Darwin 17.7.0
14 error argv "/private/var/folders/h8/h7sypfsn1xg6c57pm6dvkbv40000gp/T/AppTranslocation/A324A375-A9D1-4369-9CBB-3D56AE90A41C/d/Atom.app/Contents/Resources/app/apm/bin/node" "/private/var/folders/h8/h7sypfsn1xg6c57pm6dvkbv40000gp/T/AppTranslocation/A324A375-A9D1-4369-9CBB-3D56AE90A41C/d/Atom.app/Contents/Resources/app/apm/node_modules/npm/bin/npm-cli.js" "--globalconfig" "/Users/digitalteam/.atom/.apm/.apmrc" "--userconfig" "/Users/digitalteam/.atom/.apmrc" "install" "--runtime=electron" "--target=1.7.15" "--arch=x64"
15 error node v6.9.5
16 error npm  v3.10.10
17 error file /Users/digitalteam/Documents/React-For-Beginners-Starter-Files-master/catch-of-the-day/package.json
18 error code EJSONPARSE
19 error Failed to parse json
19 error Trailing comma in object at 15:3
19 error   },
19 error   ^
20 error File: /Users/digitalteam/Documents/React-For-Beginners-Starter-Files-master/catch-of-the-day/package.json
21 error Failed to parse package.json data.
21 error package.json must be actual JSON, not just JavaScript.
21 error
21 error This is not a bug in npm.
21 error Tell the package author to fix their package.json file. JSON.parse
22 verbose exit [ 1, true ]
